<?xml version="1.0" encoding="UTF-8"?>
<!-- Generated by org.testng.reporters.JUnitReportReporter -->
<testsuite hostname="Usamas-MacBook-Pro.local" failures="0" tests="1" name="apiTesting.test001" time="3.497" errors="0" timestamp="2022-02-26T21:30:49 EET" skipped="0">
  <testcase classname="apiTesting.test001" name="getMail" time="3.497"/>
  <system-out/>
</testsuite> <!-- apiTesting.test001 -->
